<?xml version="1.0" encoding="UTF-8"?>
<testng-results skipped="0" failed="1" total="1" passed="0">
  <reporter-output>
  </reporter-output>
  <suite name="Default suite" duration-ms="12405" started-at="2020-12-24T08:37:35Z" finished-at="2020-12-24T08:37:47Z">
    <groups>
    </groups>
    <test name="Default test" duration-ms="12405" started-at="2020-12-24T08:37:35Z" finished-at="2020-12-24T08:37:47Z">
      <class name="com.learnautomation.framework.testcases.ApplyLeaveTest">
        <test-method status="PASS" signature="startBrowser()[pri:0, instance:com.learnautomation.framework.testcases.ApplyLeaveTest@6e06451e]" name="startBrowser" is-config="true" duration-ms="11448" started-at="2020-12-24T14:07:35Z" finished-at="2020-12-24T14:07:46Z">
          <reporter-output>
          </reporter-output>
        </test-method> <!-- startBrowser -->
        <test-method status="PASS" signature="setup()[pri:0, instance:com.learnautomation.framework.testcases.ApplyLeaveTest@6e06451e]" name="setup" is-config="true" duration-ms="9" started-at="2020-12-24T14:07:47Z" finished-at="2020-12-24T14:07:47Z">
          <reporter-output>
          </reporter-output>
        </test-method> <!-- setup -->
        <test-method status="FAIL" signature="applyLeave(java.lang.String, java.lang.String, org.openqa.selenium.By, org.openqa.selenium.By, java.lang.String)[pri:0, instance:com.learnautomation.framework.testcases.ApplyLeaveTest@6e06451e]" name="applyLeave" duration-ms="8" started-at="2020-12-24T14:07:47Z" data-provider="ApplyLeave" finished-at="2020-12-24T14:07:47Z">
          <params>
            <param index="0">
              <value>
                <![CDATA[Admin]]>
              </value>
            </param>
            <param index="1">
              <value>
                <![CDATA[admin123]]>
              </value>
            </param>
            <param index="2">
              <value>
                <![CDATA[By.xpath("//*[text()='Leave Type ']//following::select[1]")]]>
              </value>
            </param>
            <param index="3">
              <value>
                <![CDATA[By.xpath("//table[contains(@class,'calendar')]//a[text()=25]")]]>
              </value>
            </param>
            <param index="4">
              <value>
                <![CDATA[I am out sick]]>
              </value>
            </param>
          </params>
          <exception class="java.lang.IllegalArgumentException">
            <message>
              <![CDATA[argument type mismatch]]>
            </message>
            <full-stacktrace>
              <![CDATA[java.lang.IllegalArgumentException: argument type mismatch
	at sun.reflect.NativeMethodAccessorImpl.invoke0(Native Method)
	at sun.reflect.NativeMethodAccessorImpl.invoke(NativeMethodAccessorImpl.java:62)
	at sun.reflect.DelegatingMethodAccessorImpl.invoke(DelegatingMethodAccessorImpl.java:43)
	at java.lang.reflect.Method.invoke(Method.java:498)
	at org.testng.internal.MethodInvocationHelper.invokeMethod(MethodInvocationHelper.java:86)
	at org.testng.internal.Invoker.invokeMethod(Invoker.java:643)
	at org.testng.internal.Invoker.invokeTestMethod(Invoker.java:820)
	at org.testng.internal.Invoker.invokeTestMethods(Invoker.java:1128)
	at org.testng.internal.TestMethodWorker.invokeTestMethods(TestMethodWorker.java:129)
	at org.testng.internal.TestMethodWorker.run(TestMethodWorker.java:112)
	at org.testng.TestRunner.privateRun(TestRunner.java:782)
	at org.testng.TestRunner.run(TestRunner.java:632)
	at org.testng.SuiteRunner.runTest(SuiteRunner.java:366)
	at org.testng.SuiteRunner.runSequentially(SuiteRunner.java:361)
	at org.testng.SuiteRunner.privateRun(SuiteRunner.java:319)
	at org.testng.SuiteRunner.run(SuiteRunner.java:268)
	at org.testng.SuiteRunnerWorker.runSuite(SuiteRunnerWorker.java:52)
	at org.testng.SuiteRunnerWorker.run(SuiteRunnerWorker.java:86)
	at org.testng.TestNG.runSuitesSequentially(TestNG.java:1244)
	at org.testng.TestNG.runSuitesLocally(TestNG.java:1169)
	at org.testng.TestNG.run(TestNG.java:1064)
	at org.testng.remote.AbstractRemoteTestNG.run(AbstractRemoteTestNG.java:132)
	at org.testng.remote.RemoteTestNG.initAndRun(RemoteTestNG.java:236)
	at org.testng.remote.RemoteTestNG.main(RemoteTestNG.java:81)
]]>
            </full-stacktrace>
          </exception> <!-- java.lang.IllegalArgumentException -->
          <reporter-output>
          </reporter-output>
        </test-method> <!-- applyLeave -->
        <test-method status="PASS" signature="closeBrowser()[pri:0, instance:com.learnautomation.framework.testcases.ApplyLeaveTest@6e06451e]" name="closeBrowser" is-config="true" duration-ms="7" started-at="2020-12-24T14:07:47Z" finished-at="2020-12-24T14:07:47Z">
          <reporter-output>
          </reporter-output>
        </test-method> <!-- closeBrowser -->
      </class> <!-- com.learnautomation.framework.testcases.ApplyLeaveTest -->
    </test> <!-- Default test -->
  </suite> <!-- Default suite -->
</testng-results>
